********************************************************************************
DUPLICATOR-LITE PACKAGE-LOG: September 23, 2019 3:50 am
NOTICE: Do NOT post to public sites or forums 
********************************************************************************
VERSION:	1.3.22
WORDPRESS:	5.2.3
PHP INFO:	7.0.33 | SAPI: fpm-fcgi
SERVER:		Apache 
PHP TIME LIMIT: (0) no time limit imposed 
PHP MAX MEMORY: 4294967296 (232M default) 
MEMORY STACK: 14MB
[CTRL DUP ARCIVE] PACKAGE AS NEW ID 1 SAVED | STATUS:0
[DUP ARCHIVE] BUILDING DATABASE

********************************************************************************
DATABASE:
********************************************************************************
BUILD MODE:   PHP(query limit - 100)
MYSQLTIMEOUT: 5000
MYSQLDUMP:    Not Supported
TABLES: total:34 | filtered:0 | create:34
FILTERED: []
SQL CREATED: 20190923_silveradoairllc_621cef499cf9e6894051_20190923034950_database.sql
SQL FILE SIZE: 3.14MB (3297080)
SQL FILE TIME: 2019-09-23 03:50:06
SQL RUNTIME: 0.55 sec.
[DUP ARCHIVE] VALIDATING DATABASE
[DUP ARCHIVE] DONE DATABASE

********************************************************************************
ARCHIVE Type=DUP Mode=DupArchive
********************************************************************************
ARCHIVE DIR:  /home/edgweb2/public_html
ARCHIVE FILE: 20190923_silveradoairllc_621cef499cf9e6894051_20190923034950_archive.daf
FILTERS: *OFF*
DIRS:
	not set
FILES:
	not set
EXTS:  not set
----------------------------------------
COMPRESSING
SIZE:	145.79MB
STATS:	Dirs 1,315 | Files 7,566 | Total 8,881
[DUP ARCHIVE] DONE ARCHIVE
[DUP ARCHIVE] DONE ARCHIVE
[DUP ARCHIVE] DONE ARCHIVE
building installer
add_extra_files1
add_extra_files2
add_extra_files3
add_extra_files4
Doing archive file check
add_extra_files5
add_extra_files6
add_extra_files7
add_extra_files_using_da1
Adding enhanced installer files to archive using DupArchive
[DUP ARCHIVE] DONE ARCHIVE
COMPRESSED SIZE: 59.55MB
ARCHIVE RUNTIME: 30.29 sec.
MEMORY STACK: 6MB
CREATE WARNINGS: No warnings.
VALIDATION WARNINGS: No warnings.
[DUP ARCHIVE] DONE ARCHIVE
[DUP ARCHIVE] HAS COMPLETED CLOSING
[DUP ARCHIVE] DUP ARCHIVE INTEGRITY CHECK

********************************************************************************
INTEGRITY CHECKS:
********************************************************************************
SQL FILE: 3.14MB
INSTALLER FILE: 74.4KB
ARCHIVE FILE: 59.55MB 
EXPECTED FILE/DIRECTORY COUNT: 9,062
ACTUAL FILE/DIRECTORY COUNT: 9,062

********************************************************************************
RECORD ID:[1]
TOTAL PROCESS RUNTIME: 30.30 sec.
PEAK PHP MEMORY USED: 6MB
DONE PROCESSING => 20190923_silveradoairllc 2019-09-23 03:50:35

